2018-05-25 00:05:58.285 ---  *** Starting program geogrid.exe ***
2018-05-25 00:05:58.287 --- Using the following namelist variables:
2018-05-25 00:05:58.287 --- &SHARE
2018-05-25 00:05:58.287 ---   WRF_CORE         = ARW
2018-05-25 00:05:58.287 ---   MAX_DOM          = 2
2018-05-25 00:05:58.287 ---   START_YEAR       = 0
2018-05-25 00:05:58.287 ---                    = 0
2018-05-25 00:05:58.287 ---   START_MONTH      = 0
2018-05-25 00:05:58.287 ---                    = 0
2018-05-25 00:05:58.287 ---   START_DAY        = 0
2018-05-25 00:05:58.287 ---                    = 0
2018-05-25 00:05:58.287 ---   START_HOUR       = 0
2018-05-25 00:05:58.287 ---                    = 0
2018-05-25 00:05:58.287 ---   START_MINUTE     = 0
2018-05-25 00:05:58.287 ---                    = 0
2018-05-25 00:05:58.287 ---   START_SECOND     = 0
2018-05-25 00:05:58.287 ---                    = 0
2018-05-25 00:05:58.287 ---   END_YEAR         = 0
2018-05-25 00:05:58.287 ---                    = 0
2018-05-25 00:05:58.288 ---   END_MONTH        = 0
2018-05-25 00:05:58.288 ---                    = 0
2018-05-25 00:05:58.288 ---   END_DAY          = 0
2018-05-25 00:05:58.288 ---                    = 0
2018-05-25 00:05:58.288 ---   END_HOUR         = 0
2018-05-25 00:05:58.288 ---                    = 0
2018-05-25 00:05:58.288 ---   END_MINUTE       = 0
2018-05-25 00:05:58.288 ---                    = 0
2018-05-25 00:05:58.288 ---   END_SECOND       = 0
2018-05-25 00:05:58.288 ---                    = 0
2018-05-25 00:05:58.288 ---   START_DATE       = 2014-02-22_03:00:00
2018-05-25 00:05:58.288 ---                    = 2014-02-22_03:00:00
2018-05-25 00:05:58.288 ---   END_DATE         = 2014-02-22_18:00:00
2018-05-25 00:05:58.288 ---                    = 2014-02-22_18:00:00
2018-05-25 00:05:58.288 ---   INTERVAL_SECONDS = 10800
2018-05-25 00:05:58.288 ---   IO_FORM_GEOGRID  = 2
2018-05-25 00:05:58.288 ---   OPT_OUTPUT_FROM_GEOGRID_PATH = ./
2018-05-25 00:05:58.288 ---   SUBGRID_RATIO_X  = 1
2018-05-25 00:05:58.288 ---                    = 1
2018-05-25 00:05:58.288 ---   SUBGRID_RATIO_Y  = 1
2018-05-25 00:05:58.288 ---                    = 1
2018-05-25 00:05:58.288 ---   DEBUG_LEVEL      = 0
2018-05-25 00:05:58.288 ---   ACTIVE_GRID      = .TRUE.
2018-05-25 00:05:58.288 ---                    = .TRUE.
2018-05-25 00:05:58.288 ---   NOCOLONS         = .FALSE.
2018-05-25 00:05:58.288 --- /
2018-05-25 00:05:58.288 --- &GEOGRID
2018-05-25 00:05:58.288 ---   PARENT_ID         = 1
2018-05-25 00:05:58.288 ---                     = 1
2018-05-25 00:05:58.288 ---   PARENT_GRID_RATIO = 1
2018-05-25 00:05:58.288 ---                     = 3
2018-05-25 00:05:58.288 ---   I_PARENT_START    = 1
2018-05-25 00:05:58.288 ---                     = 10
2018-05-25 00:05:58.288 ---   J_PARENT_START    = 1
2018-05-25 00:05:58.288 ---                     = 10
2018-05-25 00:05:58.288 ---   S_WE              = 1
2018-05-25 00:05:58.288 ---                     = 1
2018-05-25 00:05:58.288 ---   E_WE              = 51
2018-05-25 00:05:58.288 ---                     = 94
2018-05-25 00:05:58.288 ---   S_SN              = 1
2018-05-25 00:05:58.288 ---                     = 1
2018-05-25 00:05:58.288 ---   E_SN              = 51
2018-05-25 00:05:58.288 ---                     = 94
2018-05-25 00:05:58.288 ---   GEOG_DATA_RES     = 10m
2018-05-25 00:05:58.288 ---                     = 2m
2018-05-25 00:05:58.288 ---   DX                = 12000.000000
2018-05-25 00:05:58.288 ---   DY                = 12000.000000
2018-05-25 00:05:58.288 ---   MAP_PROJ          = lambert
2018-05-25 00:05:58.288 ---   POLE_LAT          = 90.000000
2018-05-25 00:05:58.288 ---   POLE_LON          = 0.000000
2018-05-25 00:05:58.288 ---   REF_LAT           = 51.294998
2018-05-25 00:05:58.288 ---   REF_LON           = -105.782997
2018-05-25 00:05:58.288 ---   REF_X             = 100000002004087734272.000000
2018-05-25 00:05:58.288 ---   REF_Y             = 100000002004087734272.000000
2018-05-25 00:05:58.288 ---   TRUELAT1          = 51.294998
2018-05-25 00:05:58.288 ---   TRUELAT2          = 51.294998
2018-05-25 00:05:58.288 ---   STAND_LON         = -105.782997
2018-05-25 00:05:58.288 ---   GEOG_DATA_PATH    = /root/rasp/geog
2018-05-25 00:05:58.289 ---   OPT_GEOGRID_TBL_PATH = /root/rasp/RUN.TABLES
2018-05-25 00:05:58.289 --- /
2018-05-25 00:05:58.298 --- Processing domain 1 of 2
2018-05-25 00:05:58.298 --- INFORM: Using 10m interpolator sequence for HGT_M.
2018-05-25 00:05:58.298 --- INFORM: Using 10m data source for HGT_M.
2018-05-25 00:05:58.301 --- INFORM: Using 10m interpolator sequence for LANDUSEF.
2018-05-25 00:05:58.301 --- INFORM: Using 10m data source for LANDUSEF.
2018-05-25 00:05:58.304 --- INFORM: For SOILTEMP, couldn't find interpolator sequence for resolution 10m.
2018-05-25 00:05:58.304 --- INFORM: Using default interpolator sequence for SOILTEMP.
2018-05-25 00:05:58.304 --- INFORM: For SOILTEMP, couldn't find 10m data source.
2018-05-25 00:05:58.304 --- INFORM: Using default data source for SOILTEMP.
2018-05-25 00:05:58.305 --- INFORM: Using 10m interpolator sequence for SOILCTOP.
2018-05-25 00:05:58.305 --- INFORM: Using 10m data source for SOILCTOP.
2018-05-25 00:05:58.307 --- INFORM: Using 10m interpolator sequence for SOILCBOT.
2018-05-25 00:05:58.307 --- INFORM: Using 10m data source for SOILCBOT.
2018-05-25 00:05:58.312 --- INFORM: For ALBEDO12M, couldn't find interpolator sequence for resolution 10m.
2018-05-25 00:05:58.313 --- INFORM: Using default interpolator sequence for ALBEDO12M.
2018-05-25 00:05:58.313 --- INFORM: For ALBEDO12M, couldn't find 10m data source.
2018-05-25 00:05:58.313 --- INFORM: Using default data source for ALBEDO12M.
2018-05-25 00:05:58.317 --- INFORM: For GREENFRAC, couldn't find interpolator sequence for resolution 10m.
2018-05-25 00:05:58.317 --- INFORM: Using default interpolator sequence for GREENFRAC.
2018-05-25 00:05:58.317 --- INFORM: For GREENFRAC, couldn't find 10m data source.
2018-05-25 00:05:58.317 --- INFORM: Using default data source for GREENFRAC.
2018-05-25 00:05:58.320 --- INFORM: For SNOALB, couldn't find interpolator sequence for resolution 10m.
2018-05-25 00:05:58.320 --- INFORM: Using default interpolator sequence for SNOALB.
2018-05-25 00:05:58.320 --- INFORM: For SNOALB, couldn't find 10m data source.
2018-05-25 00:05:58.320 --- INFORM: Using default data source for SNOALB.
2018-05-25 00:05:58.321 --- INFORM: For SLOPECAT, couldn't find interpolator sequence for resolution 10m.
2018-05-25 00:05:58.321 --- INFORM: Using default interpolator sequence for SLOPECAT.
2018-05-25 00:05:58.321 --- INFORM: For SLOPECAT, couldn't find 10m data source.
2018-05-25 00:05:58.321 --- INFORM: Using default data source for SLOPECAT.
2018-05-25 00:05:58.323 --- INFORM: Using 10m interpolator sequence for CON.
2018-05-25 00:05:58.323 --- INFORM: Using 10m data source for CON.
2018-05-25 00:05:58.328 --- INFORM: Using 10m interpolator sequence for VAR.
2018-05-25 00:05:58.328 --- INFORM: Using 10m data source for VAR.
2018-05-25 00:05:58.333 --- INFORM: Using 10m interpolator sequence for OA1.
2018-05-25 00:05:58.333 --- INFORM: Using 10m data source for OA1.
2018-05-25 00:05:58.335 --- INFORM: Using 10m interpolator sequence for OA2.
2018-05-25 00:05:58.335 --- INFORM: Using 10m data source for OA2.
2018-05-25 00:05:58.338 --- INFORM: Using 10m interpolator sequence for OA3.
2018-05-25 00:05:58.338 --- INFORM: Using 10m data source for OA3.
2018-05-25 00:05:58.339 --- INFORM: Using 10m interpolator sequence for OA4.
2018-05-25 00:05:58.339 --- INFORM: Using 10m data source for OA4.
2018-05-25 00:05:58.342 --- INFORM: Using 10m interpolator sequence for OL1.
2018-05-25 00:05:58.343 --- INFORM: Using 10m data source for OL1.
2018-05-25 00:05:58.345 --- INFORM: Using 10m interpolator sequence for OL2.
2018-05-25 00:05:58.345 --- INFORM: Using 10m data source for OL2.
2018-05-25 00:05:58.349 --- INFORM: Using 10m interpolator sequence for OL3.
2018-05-25 00:05:58.349 --- INFORM: Using 10m data source for OL3.
2018-05-25 00:05:58.352 --- INFORM: Using 10m interpolator sequence for OL4.
2018-05-25 00:05:58.352 --- INFORM: Using 10m data source for OL4.
2018-05-25 00:05:58.354 --- INFORM: For VAR_SSO, couldn't find interpolator sequence for resolution 10m.
2018-05-25 00:05:58.354 --- INFORM: Using default interpolator sequence for VAR_SSO.
2018-05-25 00:05:58.354 --- INFORM: For VAR_SSO, couldn't find 10m data source.
2018-05-25 00:05:58.354 --- INFORM: Using default data source for VAR_SSO.
2018-05-25 00:05:58.498 --- Processing field 1 of 25 (LANDUSEF)
2018-05-25 00:05:58.553 --- Processing field 2 of 25 (LU_INDEX)
2018-05-25 00:05:58.555 --- Processing field 3 of 25 (HGT_M)
2018-05-25 00:05:58.564 --- Processing field 4 of 25 (SLPX)
2018-05-25 00:05:58.564 --- Processing field 5 of 25 (SLPY)
2018-05-25 00:05:58.564 --- Processing field 6 of 25 (SOILTEMP)
2018-05-25 00:05:58.572 --- Processing field 7 of 25 (SOILCTOP)
2018-05-25 00:05:58.600 --- Processing field 8 of 25 (SCT_DOM)
2018-05-25 00:05:58.601 --- Processing field 9 of 25 (SOILCBOT)
2018-05-25 00:05:58.625 --- Processing field 10 of 25 (SCB_DOM)
2018-05-25 00:05:58.625 --- Processing field 11 of 25 (ALBEDO12M)
2018-05-25 00:05:59.724 --- Processing field 12 of 25 (GREENFRAC)
2018-05-25 00:06:00.312 --- Processing field 13 of 25 (SNOALB)
2018-05-25 00:06:00.316 --- Processing field 14 of 25 (SLOPECAT)
2018-05-25 00:06:00.323 --- Processing field 15 of 25 (CON)
2018-05-25 00:06:00.439 --- Processing field 16 of 25 (VAR)
2018-05-25 00:06:00.558 --- Processing field 17 of 25 (OA1)
2018-05-25 00:06:00.685 --- Processing field 18 of 25 (OA2)
2018-05-25 00:06:00.774 --- Processing field 19 of 25 (OA3)
2018-05-25 00:06:00.853 --- Processing field 20 of 25 (OA4)
2018-05-25 00:06:00.912 --- Processing field 21 of 25 (OL1)
2018-05-25 00:06:00.965 --- Processing field 22 of 25 (OL2)
2018-05-25 00:06:01.022 --- Processing field 23 of 25 (OL3)
2018-05-25 00:06:01.091 --- Processing field 24 of 25 (OL4)
2018-05-25 00:06:01.159 --- Processing field 25 of 25 (VAR_SSO)
2018-05-25 00:06:01.575 --- Processing domain 2 of 2
2018-05-25 00:06:01.575 --- INFORM: Using 2m interpolator sequence for HGT_M.
2018-05-25 00:06:01.575 --- INFORM: Using 2m data source for HGT_M.
2018-05-25 00:06:01.577 --- INFORM: Using 2m interpolator sequence for LANDUSEF.
2018-05-25 00:06:01.577 --- INFORM: Using 2m data source for LANDUSEF.
2018-05-25 00:06:01.578 --- INFORM: For SOILTEMP, couldn't find interpolator sequence for resolution 2m.
2018-05-25 00:06:01.578 --- INFORM: Using default interpolator sequence for SOILTEMP.
2018-05-25 00:06:01.578 --- INFORM: For SOILTEMP, couldn't find 2m data source.
2018-05-25 00:06:01.578 --- INFORM: Using default data source for SOILTEMP.
2018-05-25 00:06:01.579 --- INFORM: Using 2m interpolator sequence for SOILCTOP.
2018-05-25 00:06:01.579 --- INFORM: Using 2m data source for SOILCTOP.
2018-05-25 00:06:01.581 --- INFORM: Using 2m interpolator sequence for SOILCBOT.
2018-05-25 00:06:01.581 --- INFORM: Using 2m data source for SOILCBOT.
2018-05-25 00:06:01.583 --- INFORM: For ALBEDO12M, couldn't find interpolator sequence for resolution 2m.
2018-05-25 00:06:01.583 --- INFORM: Using default interpolator sequence for ALBEDO12M.
2018-05-25 00:06:01.583 --- INFORM: For ALBEDO12M, couldn't find 2m data source.
2018-05-25 00:06:01.584 --- INFORM: Using default data source for ALBEDO12M.
2018-05-25 00:06:01.584 --- INFORM: For GREENFRAC, couldn't find interpolator sequence for resolution 2m.
2018-05-25 00:06:01.584 --- INFORM: Using default interpolator sequence for GREENFRAC.
2018-05-25 00:06:01.584 --- INFORM: For GREENFRAC, couldn't find 2m data source.
2018-05-25 00:06:01.584 --- INFORM: Using default data source for GREENFRAC.
2018-05-25 00:06:01.584 --- INFORM: For SNOALB, couldn't find interpolator sequence for resolution 2m.
2018-05-25 00:06:01.584 --- INFORM: Using default interpolator sequence for SNOALB.
2018-05-25 00:06:01.584 --- INFORM: For SNOALB, couldn't find 2m data source.
2018-05-25 00:06:01.584 --- INFORM: Using default data source for SNOALB.
2018-05-25 00:06:01.584 --- INFORM: For SLOPECAT, couldn't find interpolator sequence for resolution 2m.
2018-05-25 00:06:01.584 --- INFORM: Using default interpolator sequence for SLOPECAT.
2018-05-25 00:06:01.584 --- INFORM: For SLOPECAT, couldn't find 2m data source.
2018-05-25 00:06:01.584 --- INFORM: Using default data source for SLOPECAT.
2018-05-25 00:06:01.584 --- INFORM: For CON, couldn't find interpolator sequence for resolution 2m.
2018-05-25 00:06:01.584 --- INFORM: Using default interpolator sequence for CON.
2018-05-25 00:06:01.584 --- INFORM: For CON, couldn't find 2m data source.
2018-05-25 00:06:01.584 --- INFORM: Using default data source for CON.
2018-05-25 00:06:01.585 --- INFORM: For VAR, couldn't find interpolator sequence for resolution 2m.
2018-05-25 00:06:01.585 --- INFORM: Using default interpolator sequence for VAR.
2018-05-25 00:06:01.585 --- INFORM: For VAR, couldn't find 2m data source.
2018-05-25 00:06:01.585 --- INFORM: Using default data source for VAR.
2018-05-25 00:06:01.585 --- INFORM: For OA1, couldn't find interpolator sequence for resolution 2m.
2018-05-25 00:06:01.585 --- INFORM: Using default interpolator sequence for OA1.
2018-05-25 00:06:01.585 --- INFORM: For OA1, couldn't find 2m data source.
2018-05-25 00:06:01.585 --- INFORM: Using default data source for OA1.
2018-05-25 00:06:01.585 --- INFORM: For OA2, couldn't find interpolator sequence for resolution 2m.
2018-05-25 00:06:01.585 --- INFORM: Using default interpolator sequence for OA2.
2018-05-25 00:06:01.585 --- INFORM: For OA2, couldn't find 2m data source.
2018-05-25 00:06:01.585 --- INFORM: Using default data source for OA2.
2018-05-25 00:06:01.585 --- INFORM: For OA3, couldn't find interpolator sequence for resolution 2m.
2018-05-25 00:06:01.585 --- INFORM: Using default interpolator sequence for OA3.
2018-05-25 00:06:01.585 --- INFORM: For OA3, couldn't find 2m data source.
2018-05-25 00:06:01.585 --- INFORM: Using default data source for OA3.
2018-05-25 00:06:01.585 --- INFORM: For OA4, couldn't find interpolator sequence for resolution 2m.
2018-05-25 00:06:01.585 --- INFORM: Using default interpolator sequence for OA4.
2018-05-25 00:06:01.585 --- INFORM: For OA4, couldn't find 2m data source.
2018-05-25 00:06:01.585 --- INFORM: Using default data source for OA4.
2018-05-25 00:06:01.586 --- INFORM: For OL1, couldn't find interpolator sequence for resolution 2m.
2018-05-25 00:06:01.586 --- INFORM: Using default interpolator sequence for OL1.
2018-05-25 00:06:01.586 --- INFORM: For OL1, couldn't find 2m data source.
2018-05-25 00:06:01.586 --- INFORM: Using default data source for OL1.
2018-05-25 00:06:01.586 --- INFORM: For OL2, couldn't find interpolator sequence for resolution 2m.
2018-05-25 00:06:01.586 --- INFORM: Using default interpolator sequence for OL2.
2018-05-25 00:06:01.586 --- INFORM: For OL2, couldn't find 2m data source.
2018-05-25 00:06:01.586 --- INFORM: Using default data source for OL2.
2018-05-25 00:06:01.586 --- INFORM: For OL3, couldn't find interpolator sequence for resolution 2m.
2018-05-25 00:06:01.586 --- INFORM: Using default interpolator sequence for OL3.
2018-05-25 00:06:01.586 --- INFORM: For OL3, couldn't find 2m data source.
2018-05-25 00:06:01.586 --- INFORM: Using default data source for OL3.
2018-05-25 00:06:01.586 --- INFORM: For OL4, couldn't find interpolator sequence for resolution 2m.
2018-05-25 00:06:01.586 --- INFORM: Using default interpolator sequence for OL4.
2018-05-25 00:06:01.586 --- INFORM: For OL4, couldn't find 2m data source.
2018-05-25 00:06:01.586 --- INFORM: Using default data source for OL4.
2018-05-25 00:06:01.586 --- INFORM: For VAR_SSO, couldn't find interpolator sequence for resolution 2m.
2018-05-25 00:06:01.586 --- INFORM: Using default interpolator sequence for VAR_SSO.
2018-05-25 00:06:01.586 --- INFORM: For VAR_SSO, couldn't find 2m data source.
2018-05-25 00:06:01.586 --- INFORM: Using default data source for VAR_SSO.
2018-05-25 00:06:01.624 --- Processing field 1 of 25 (LANDUSEF)
2018-05-25 00:06:01.851 --- Processing field 2 of 25 (LU_INDEX)
2018-05-25 00:06:01.854 --- Processing field 3 of 25 (HGT_M)
2018-05-25 00:06:01.872 --- Processing field 4 of 25 (SLPX)
2018-05-25 00:06:01.872 --- Processing field 5 of 25 (SLPY)
2018-05-25 00:06:01.872 --- Processing field 6 of 25 (SOILTEMP)
2018-05-25 00:06:01.879 --- Processing field 7 of 25 (SOILCTOP)
2018-05-25 00:06:01.993 --- Processing field 8 of 25 (SCT_DOM)
2018-05-25 00:06:01.995 --- Processing field 9 of 25 (SOILCBOT)
2018-05-25 00:06:02.085 --- Processing field 10 of 25 (SCB_DOM)
2018-05-25 00:06:02.087 --- Processing field 11 of 25 (ALBEDO12M)
2018-05-25 00:06:02.185 --- Processing field 12 of 25 (GREENFRAC)
2018-05-25 00:06:02.271 --- Processing field 13 of 25 (SNOALB)
2018-05-25 00:06:02.275 --- Processing field 14 of 25 (SLOPECAT)
2018-05-25 00:06:02.288 --- Processing field 15 of 25 (CON)
2018-05-25 00:06:02.297 --- Processing field 16 of 25 (VAR)
2018-05-25 00:06:02.305 --- Processing field 17 of 25 (OA1)
2018-05-25 00:06:02.319 --- Processing field 18 of 25 (OA2)
2018-05-25 00:06:02.328 --- Processing field 19 of 25 (OA3)
2018-05-25 00:06:02.338 --- Processing field 20 of 25 (OA4)
2018-05-25 00:06:02.349 --- Processing field 21 of 25 (OL1)
2018-05-25 00:06:02.360 --- Processing field 22 of 25 (OL2)
2018-05-25 00:06:02.374 --- Processing field 23 of 25 (OL3)
2018-05-25 00:06:02.385 --- Processing field 24 of 25 (OL4)
2018-05-25 00:06:02.396 --- Processing field 25 of 25 (VAR_SSO)
2018-05-25 00:06:02.656 ---  *** Successful completion of program geogrid.exe ***
